
*** Running vivado
    with args -log sine_calculator.vds -m64 -product Vivado -mode batch -messageDb vivado.pb -notrace -source sine_calculator.tcl



****** Vivado v2024.1 (64-bit)
  **** SW Build 5076996 on Wed May 22 18:37:14 MDT 2024
  **** IP Build 5075265 on Wed May 22 21:45:21 MDT 2024
  **** SharedData Build 5076995 on Wed May 22 18:29:18 MDT 2024
  **** Start of session at: Tue Oct  1 12:18:58 2024
    ** Copyright 1986-2022 Xilinx, Inc. All Rights Reserved.
    ** Copyright 2022-2024 Advanced Micro Devices, Inc. All Rights Reserved.

source sine_calculator.tcl -notrace
create_project: Time (s): cpu = 00:00:06 ; elapsed = 00:00:06 . Memory (MB): peak = 530.695 ; gain = 197.824
Command: read_checkpoint -auto_incremental -incremental {C:/Users/Utente/Desktop/FUNZIONE SENO IN VIRGOLA FISSA/FUNZIONE SENO IN VIRGOLA FISSA.srcs/utils_1/imports/synth_1/sin_calculator.dcp}
INFO: [Vivado 12-5825] Read reference checkpoint from C:/Users/Utente/Desktop/FUNZIONE SENO IN VIRGOLA FISSA/FUNZIONE SENO IN VIRGOLA FISSA.srcs/utils_1/imports/synth_1/sin_calculator.dcp for incremental synthesis
INFO: [Vivado 12-7989] Please ensure there are no constraint changes
Command: synth_design -top sine_calculator -part xc7a15tcsg324-1
Starting synth_design
Attempting to get a license for feature 'Synthesis' and/or device 'xc7a15t'
INFO: [Common 17-349] Got license for feature 'Synthesis' and/or device 'xc7a15t'
INFO: [Device 21-403] Loading part xc7a15tcsg324-1
INFO: [Device 21-9227] Part: xc7a15tcsg324-1 does not have CEAM library.
INFO: [Designutils 20-5440] No compile time benefit to using incremental synthesis; A full resynthesis will be run
INFO: [Designutils 20-4379] Flow is switching to default flow due to incremental criteria not met. If you would like to alter this behaviour and have the flow terminate instead, please set the following parameter config_implementation {autoIncr.Synth.RejectBehavior Terminate}
INFO: [Synth 8-7079] Multithreading enabled for synth_design using a maximum of 2 processes.
INFO: [Synth 8-7078] Launching helper process for spawning children vivado processes
INFO: [Synth 8-7075] Helper process launched with PID 8276
---------------------------------------------------------------------------------
Starting RTL Elaboration : Time (s): cpu = 00:00:05 ; elapsed = 00:00:05 . Memory (MB): peak = 1383.492 ; gain = 449.102
---------------------------------------------------------------------------------
INFO: [Synth 8-638] synthesizing module 'sine_calculator' [C:/Users/Utente/Desktop/FUNZIONE SENO IN VIRGOLA FISSA/FUNZIONE SENO IN VIRGOLA FISSA.srcs/sources_1/new/SIN_CALCULATOR.vhd:14]
INFO: [Synth 8-3491] module 'angle_normalizer' declared at 'C:/Users/Utente/Desktop/FUNZIONE SENO IN VIRGOLA FISSA/FUNZIONE SENO IN VIRGOLA FISSA.srcs/sources_1/new/ANGLE_NORMALIZER.vhd:6' bound to instance 'norm' of component 'angle_normalizer' [C:/Users/Utente/Desktop/FUNZIONE SENO IN VIRGOLA FISSA/FUNZIONE SENO IN VIRGOLA FISSA.srcs/sources_1/new/SIN_CALCULATOR.vhd:81]
INFO: [Synth 8-638] synthesizing module 'angle_normalizer' [C:/Users/Utente/Desktop/FUNZIONE SENO IN VIRGOLA FISSA/FUNZIONE SENO IN VIRGOLA FISSA.srcs/sources_1/new/ANGLE_NORMALIZER.vhd:12]
	Parameter WIDTH bound to: 9 - type: integer 
INFO: [Synth 8-3491] module 'less_than_comparator' declared at 'C:/Users/Utente/Desktop/FUNZIONE SENO IN VIRGOLA FISSA/FUNZIONE SENO IN VIRGOLA FISSA.srcs/sources_1/new/COMPARATOR_LESS_THAN.vhd:6' bound to instance 'comp_less' of component 'less_than_comparator' [C:/Users/Utente/Desktop/FUNZIONE SENO IN VIRGOLA FISSA/FUNZIONE SENO IN VIRGOLA FISSA.srcs/sources_1/new/ANGLE_NORMALIZER.vhd:52]
INFO: [Synth 8-638] synthesizing module 'less_than_comparator' [C:/Users/Utente/Desktop/FUNZIONE SENO IN VIRGOLA FISSA/FUNZIONE SENO IN VIRGOLA FISSA.srcs/sources_1/new/COMPARATOR_LESS_THAN.vhd:15]
	Parameter WIDTH bound to: 9 - type: integer 
INFO: [Synth 8-256] done synthesizing module 'less_than_comparator' (0#1) [C:/Users/Utente/Desktop/FUNZIONE SENO IN VIRGOLA FISSA/FUNZIONE SENO IN VIRGOLA FISSA.srcs/sources_1/new/COMPARATOR_LESS_THAN.vhd:15]
INFO: [Synth 8-3491] module 'quadrant_detector' declared at 'C:/Users/Utente/Desktop/FUNZIONE SENO IN VIRGOLA FISSA/FUNZIONE SENO IN VIRGOLA FISSA.srcs/sources_1/new/QUADRANT_DETECTOR.vhd:6' bound to instance 'quad_detect' of component 'quadrant_detector' [C:/Users/Utente/Desktop/FUNZIONE SENO IN VIRGOLA FISSA/FUNZIONE SENO IN VIRGOLA FISSA.srcs/sources_1/new/ANGLE_NORMALIZER.vhd:60]
INFO: [Synth 8-638] synthesizing module 'quadrant_detector' [C:/Users/Utente/Desktop/FUNZIONE SENO IN VIRGOLA FISSA/FUNZIONE SENO IN VIRGOLA FISSA.srcs/sources_1/new/QUADRANT_DETECTOR.vhd:11]
	Parameter WIDTH bound to: 9 - type: integer 
INFO: [Synth 8-3491] module 'less_than_comparator' declared at 'C:/Users/Utente/Desktop/FUNZIONE SENO IN VIRGOLA FISSA/FUNZIONE SENO IN VIRGOLA FISSA.srcs/sources_1/new/COMPARATOR_LESS_THAN.vhd:6' bound to instance 'comp_90' of component 'less_than_comparator' [C:/Users/Utente/Desktop/FUNZIONE SENO IN VIRGOLA FISSA/FUNZIONE SENO IN VIRGOLA FISSA.srcs/sources_1/new/QUADRANT_DETECTOR.vhd:28]
	Parameter WIDTH bound to: 9 - type: integer 
INFO: [Synth 8-3491] module 'less_than_comparator' declared at 'C:/Users/Utente/Desktop/FUNZIONE SENO IN VIRGOLA FISSA/FUNZIONE SENO IN VIRGOLA FISSA.srcs/sources_1/new/COMPARATOR_LESS_THAN.vhd:6' bound to instance 'comp_180' of component 'less_than_comparator' [C:/Users/Utente/Desktop/FUNZIONE SENO IN VIRGOLA FISSA/FUNZIONE SENO IN VIRGOLA FISSA.srcs/sources_1/new/QUADRANT_DETECTOR.vhd:36]
	Parameter WIDTH bound to: 9 - type: integer 
INFO: [Synth 8-3491] module 'less_than_comparator' declared at 'C:/Users/Utente/Desktop/FUNZIONE SENO IN VIRGOLA FISSA/FUNZIONE SENO IN VIRGOLA FISSA.srcs/sources_1/new/COMPARATOR_LESS_THAN.vhd:6' bound to instance 'comp_270' of component 'less_than_comparator' [C:/Users/Utente/Desktop/FUNZIONE SENO IN VIRGOLA FISSA/FUNZIONE SENO IN VIRGOLA FISSA.srcs/sources_1/new/QUADRANT_DETECTOR.vhd:44]
INFO: [Synth 8-256] done synthesizing module 'quadrant_detector' (0#1) [C:/Users/Utente/Desktop/FUNZIONE SENO IN VIRGOLA FISSA/FUNZIONE SENO IN VIRGOLA FISSA.srcs/sources_1/new/QUADRANT_DETECTOR.vhd:11]
INFO: [Synth 8-3491] module 'angle_adjuster' declared at 'C:/Users/Utente/Desktop/FUNZIONE SENO IN VIRGOLA FISSA/FUNZIONE SENO IN VIRGOLA FISSA.srcs/sources_1/new/ANGLE_ADJUSTER.vhd:6' bound to instance 'angle_adj' of component 'angle_adjuster' [C:/Users/Utente/Desktop/FUNZIONE SENO IN VIRGOLA FISSA/FUNZIONE SENO IN VIRGOLA FISSA.srcs/sources_1/new/ANGLE_NORMALIZER.vhd:66]
INFO: [Synth 8-638] synthesizing module 'angle_adjuster' [C:/Users/Utente/Desktop/FUNZIONE SENO IN VIRGOLA FISSA/FUNZIONE SENO IN VIRGOLA FISSA.srcs/sources_1/new/ANGLE_ADJUSTER.vhd:12]
	Parameter WIDTH bound to: 9 - type: integer 
INFO: [Synth 8-3491] module 'subtractor' declared at 'C:/Users/Utente/Desktop/FUNZIONE SENO IN VIRGOLA FISSA/FUNZIONE SENO IN VIRGOLA FISSA.srcs/sources_1/new/SUBTRACTOR.vhd:7' bound to instance 'sub_q2' of component 'subtractor' [C:/Users/Utente/Desktop/FUNZIONE SENO IN VIRGOLA FISSA/FUNZIONE SENO IN VIRGOLA FISSA.srcs/sources_1/new/ANGLE_ADJUSTER.vhd:45]
INFO: [Synth 8-638] synthesizing module 'subtractor' [C:/Users/Utente/Desktop/FUNZIONE SENO IN VIRGOLA FISSA/FUNZIONE SENO IN VIRGOLA FISSA.srcs/sources_1/new/SUBTRACTOR.vhd:16]
	Parameter WIDTH bound to: 9 - type: integer 
INFO: [Synth 8-3491] module 'full_adder' declared at 'C:/Users/Utente/Desktop/FUNZIONE SENO IN VIRGOLA FISSA/FUNZIONE SENO IN VIRGOLA FISSA.srcs/sources_1/new/FA.vhd:7' bound to instance 'fa' of component 'full_adder' [C:/Users/Utente/Desktop/FUNZIONE SENO IN VIRGOLA FISSA/FUNZIONE SENO IN VIRGOLA FISSA.srcs/sources_1/new/SUBTRACTOR.vhd:35]
INFO: [Synth 8-638] synthesizing module 'full_adder' [C:/Users/Utente/Desktop/FUNZIONE SENO IN VIRGOLA FISSA/FUNZIONE SENO IN VIRGOLA FISSA.srcs/sources_1/new/FA.vhd:15]
INFO: [Synth 8-256] done synthesizing module 'full_adder' (0#1) [C:/Users/Utente/Desktop/FUNZIONE SENO IN VIRGOLA FISSA/FUNZIONE SENO IN VIRGOLA FISSA.srcs/sources_1/new/FA.vhd:15]
INFO: [Synth 8-3491] module 'full_adder' declared at 'C:/Users/Utente/Desktop/FUNZIONE SENO IN VIRGOLA FISSA/FUNZIONE SENO IN VIRGOLA FISSA.srcs/sources_1/new/FA.vhd:7' bound to instance 'fa' of component 'full_adder' [C:/Users/Utente/Desktop/FUNZIONE SENO IN VIRGOLA FISSA/FUNZIONE SENO IN VIRGOLA FISSA.srcs/sources_1/new/SUBTRACTOR.vhd:35]
INFO: [Synth 8-3491] module 'full_adder' declared at 'C:/Users/Utente/Desktop/FUNZIONE SENO IN VIRGOLA FISSA/FUNZIONE SENO IN VIRGOLA FISSA.srcs/sources_1/new/FA.vhd:7' bound to instance 'fa' of component 'full_adder' [C:/Users/Utente/Desktop/FUNZIONE SENO IN VIRGOLA FISSA/FUNZIONE SENO IN VIRGOLA FISSA.srcs/sources_1/new/SUBTRACTOR.vhd:35]
INFO: [Synth 8-3491] module 'full_adder' declared at 'C:/Users/Utente/Desktop/FUNZIONE SENO IN VIRGOLA FISSA/FUNZIONE SENO IN VIRGOLA FISSA.srcs/sources_1/new/FA.vhd:7' bound to instance 'fa' of component 'full_adder' [C:/Users/Utente/Desktop/FUNZIONE SENO IN VIRGOLA FISSA/FUNZIONE SENO IN VIRGOLA FISSA.srcs/sources_1/new/SUBTRACTOR.vhd:35]
INFO: [Synth 8-3491] module 'full_adder' declared at 'C:/Users/Utente/Desktop/FUNZIONE SENO IN VIRGOLA FISSA/FUNZIONE SENO IN VIRGOLA FISSA.srcs/sources_1/new/FA.vhd:7' bound to instance 'fa' of component 'full_adder' [C:/Users/Utente/Desktop/FUNZIONE SENO IN VIRGOLA FISSA/FUNZIONE SENO IN VIRGOLA FISSA.srcs/sources_1/new/SUBTRACTOR.vhd:35]
INFO: [Synth 8-3491] module 'full_adder' declared at 'C:/Users/Utente/Desktop/FUNZIONE SENO IN VIRGOLA FISSA/FUNZIONE SENO IN VIRGOLA FISSA.srcs/sources_1/new/FA.vhd:7' bound to instance 'fa' of component 'full_adder' [C:/Users/Utente/Desktop/FUNZIONE SENO IN VIRGOLA FISSA/FUNZIONE SENO IN VIRGOLA FISSA.srcs/sources_1/new/SUBTRACTOR.vhd:35]
INFO: [Synth 8-3491] module 'full_adder' declared at 'C:/Users/Utente/Desktop/FUNZIONE SENO IN VIRGOLA FISSA/FUNZIONE SENO IN VIRGOLA FISSA.srcs/sources_1/new/FA.vhd:7' bound to instance 'fa' of component 'full_adder' [C:/Users/Utente/Desktop/FUNZIONE SENO IN VIRGOLA FISSA/FUNZIONE SENO IN VIRGOLA FISSA.srcs/sources_1/new/SUBTRACTOR.vhd:35]
INFO: [Synth 8-3491] module 'full_adder' declared at 'C:/Users/Utente/Desktop/FUNZIONE SENO IN VIRGOLA FISSA/FUNZIONE SENO IN VIRGOLA FISSA.srcs/sources_1/new/FA.vhd:7' bound to instance 'fa' of component 'full_adder' [C:/Users/Utente/Desktop/FUNZIONE SENO IN VIRGOLA FISSA/FUNZIONE SENO IN VIRGOLA FISSA.srcs/sources_1/new/SUBTRACTOR.vhd:35]
INFO: [Synth 8-3491] module 'full_adder' declared at 'C:/Users/Utente/Desktop/FUNZIONE SENO IN VIRGOLA FISSA/FUNZIONE SENO IN VIRGOLA FISSA.srcs/sources_1/new/FA.vhd:7' bound to instance 'fa' of component 'full_adder' [C:/Users/Utente/Desktop/FUNZIONE SENO IN VIRGOLA FISSA/FUNZIONE SENO IN VIRGOLA FISSA.srcs/sources_1/new/SUBTRACTOR.vhd:35]
INFO: [Synth 8-256] done synthesizing module 'subtractor' (0#1) [C:/Users/Utente/Desktop/FUNZIONE SENO IN VIRGOLA FISSA/FUNZIONE SENO IN VIRGOLA FISSA.srcs/sources_1/new/SUBTRACTOR.vhd:16]
	Parameter WIDTH bound to: 9 - type: integer 
INFO: [Synth 8-3491] module 'subtractor' declared at 'C:/Users/Utente/Desktop/FUNZIONE SENO IN VIRGOLA FISSA/FUNZIONE SENO IN VIRGOLA FISSA.srcs/sources_1/new/SUBTRACTOR.vhd:7' bound to instance 'sub_q3' of component 'subtractor' [C:/Users/Utente/Desktop/FUNZIONE SENO IN VIRGOLA FISSA/FUNZIONE SENO IN VIRGOLA FISSA.srcs/sources_1/new/ANGLE_ADJUSTER.vhd:54]
	Parameter WIDTH bound to: 9 - type: integer 
INFO: [Synth 8-3491] module 'subtractor' declared at 'C:/Users/Utente/Desktop/FUNZIONE SENO IN VIRGOLA FISSA/FUNZIONE SENO IN VIRGOLA FISSA.srcs/sources_1/new/SUBTRACTOR.vhd:7' bound to instance 'sub_q4' of component 'subtractor' [C:/Users/Utente/Desktop/FUNZIONE SENO IN VIRGOLA FISSA/FUNZIONE SENO IN VIRGOLA FISSA.srcs/sources_1/new/ANGLE_ADJUSTER.vhd:63]
	Parameter WIDTH bound to: 7 - type: integer 
INFO: [Synth 8-3491] module 'mux4' declared at 'C:/Users/Utente/Desktop/FUNZIONE SENO IN VIRGOLA FISSA/FUNZIONE SENO IN VIRGOLA FISSA.srcs/sources_1/new/MUX4.vhd:4' bound to instance 'mux_4way' of component 'mux4' [C:/Users/Utente/Desktop/FUNZIONE SENO IN VIRGOLA FISSA/FUNZIONE SENO IN VIRGOLA FISSA.srcs/sources_1/new/ANGLE_ADJUSTER.vhd:72]
INFO: [Synth 8-638] synthesizing module 'mux4' [C:/Users/Utente/Desktop/FUNZIONE SENO IN VIRGOLA FISSA/FUNZIONE SENO IN VIRGOLA FISSA.srcs/sources_1/new/MUX4.vhd:16]
	Parameter WIDTH bound to: 7 - type: integer 
INFO: [Synth 8-226] default block is never used [C:/Users/Utente/Desktop/FUNZIONE SENO IN VIRGOLA FISSA/FUNZIONE SENO IN VIRGOLA FISSA.srcs/sources_1/new/MUX4.vhd:20]
INFO: [Synth 8-256] done synthesizing module 'mux4' (0#1) [C:/Users/Utente/Desktop/FUNZIONE SENO IN VIRGOLA FISSA/FUNZIONE SENO IN VIRGOLA FISSA.srcs/sources_1/new/MUX4.vhd:16]
INFO: [Synth 8-256] done synthesizing module 'angle_adjuster' (0#1) [C:/Users/Utente/Desktop/FUNZIONE SENO IN VIRGOLA FISSA/FUNZIONE SENO IN VIRGOLA FISSA.srcs/sources_1/new/ANGLE_ADJUSTER.vhd:12]
	Parameter WIDTH bound to: 7 - type: integer 
INFO: [Synth 8-3491] module 'mux2' declared at 'C:/Users/Utente/Desktop/FUNZIONE SENO IN VIRGOLA FISSA/FUNZIONE SENO IN VIRGOLA FISSA.srcs/sources_1/new/MUX2.vhd:4' bound to instance 'out_assign' of component 'mux2' [C:/Users/Utente/Desktop/FUNZIONE SENO IN VIRGOLA FISSA/FUNZIONE SENO IN VIRGOLA FISSA.srcs/sources_1/new/ANGLE_NORMALIZER.vhd:74]
INFO: [Synth 8-638] synthesizing module 'mux2' [C:/Users/Utente/Desktop/FUNZIONE SENO IN VIRGOLA FISSA/FUNZIONE SENO IN VIRGOLA FISSA.srcs/sources_1/new/MUX2.vhd:14]
	Parameter WIDTH bound to: 7 - type: integer 
INFO: [Synth 8-256] done synthesizing module 'mux2' (0#1) [C:/Users/Utente/Desktop/FUNZIONE SENO IN VIRGOLA FISSA/FUNZIONE SENO IN VIRGOLA FISSA.srcs/sources_1/new/MUX2.vhd:14]
	Parameter WIDTH bound to: 2 - type: integer 
INFO: [Synth 8-3491] module 'mux2' declared at 'C:/Users/Utente/Desktop/FUNZIONE SENO IN VIRGOLA FISSA/FUNZIONE SENO IN VIRGOLA FISSA.srcs/sources_1/new/MUX2.vhd:4' bound to instance 'quad_assign' of component 'mux2' [C:/Users/Utente/Desktop/FUNZIONE SENO IN VIRGOLA FISSA/FUNZIONE SENO IN VIRGOLA FISSA.srcs/sources_1/new/ANGLE_NORMALIZER.vhd:83]
INFO: [Synth 8-638] synthesizing module 'mux2__parameterized1' [C:/Users/Utente/Desktop/FUNZIONE SENO IN VIRGOLA FISSA/FUNZIONE SENO IN VIRGOLA FISSA.srcs/sources_1/new/MUX2.vhd:14]
	Parameter WIDTH bound to: 2 - type: integer 
INFO: [Synth 8-256] done synthesizing module 'mux2__parameterized1' (0#1) [C:/Users/Utente/Desktop/FUNZIONE SENO IN VIRGOLA FISSA/FUNZIONE SENO IN VIRGOLA FISSA.srcs/sources_1/new/MUX2.vhd:14]
INFO: [Synth 8-256] done synthesizing module 'angle_normalizer' (0#1) [C:/Users/Utente/Desktop/FUNZIONE SENO IN VIRGOLA FISSA/FUNZIONE SENO IN VIRGOLA FISSA.srcs/sources_1/new/ANGLE_NORMALIZER.vhd:12]
INFO: [Synth 8-3491] module 'bypass_logic' declared at 'C:/Users/Utente/Desktop/FUNZIONE SENO IN VIRGOLA FISSA/FUNZIONE SENO IN VIRGOLA FISSA.srcs/sources_1/new/BYPASS_LOGIC.vhd:6' bound to instance 'bypass' of component 'bypass_logic' [C:/Users/Utente/Desktop/FUNZIONE SENO IN VIRGOLA FISSA/FUNZIONE SENO IN VIRGOLA FISSA.srcs/sources_1/new/SIN_CALCULATOR.vhd:88]
INFO: [Synth 8-638] synthesizing module 'bypass_logic' [C:/Users/Utente/Desktop/FUNZIONE SENO IN VIRGOLA FISSA/FUNZIONE SENO IN VIRGOLA FISSA.srcs/sources_1/new/BYPASS_LOGIC.vhd:11]
INFO: [Synth 8-256] done synthesizing module 'bypass_logic' (0#1) [C:/Users/Utente/Desktop/FUNZIONE SENO IN VIRGOLA FISSA/FUNZIONE SENO IN VIRGOLA FISSA.srcs/sources_1/new/BYPASS_LOGIC.vhd:11]
INFO: [Synth 8-3491] module 'lookup_table' declared at 'C:/Users/Utente/Desktop/FUNZIONE SENO IN VIRGOLA FISSA/FUNZIONE SENO IN VIRGOLA FISSA.srcs/sources_1/new/LUT.vhd:7' bound to instance 'LUT_lower' of component 'lookup_table' [C:/Users/Utente/Desktop/FUNZIONE SENO IN VIRGOLA FISSA/FUNZIONE SENO IN VIRGOLA FISSA.srcs/sources_1/new/SIN_CALCULATOR.vhd:94]
INFO: [Synth 8-638] synthesizing module 'lookup_table' [C:/Users/Utente/Desktop/FUNZIONE SENO IN VIRGOLA FISSA/FUNZIONE SENO IN VIRGOLA FISSA.srcs/sources_1/new/LUT.vhd:12]
	Parameter INPUT_WIDTH bound to: 7 - type: integer 
	Parameter SHIFT_AMOUNT bound to: 3 - type: integer 
	Parameter OUTPUT_WIDTH bound to: 4 - type: integer 
INFO: [Synth 8-3491] module 'shifter_right' declared at 'C:/Users/Utente/Desktop/FUNZIONE SENO IN VIRGOLA FISSA/FUNZIONE SENO IN VIRGOLA FISSA.srcs/sources_1/new/SHIFTER_RIGHT.vhd:7' bound to instance 'shifterR' of component 'shifter_right' [C:/Users/Utente/Desktop/FUNZIONE SENO IN VIRGOLA FISSA/FUNZIONE SENO IN VIRGOLA FISSA.srcs/sources_1/new/LUT.vhd:64]
INFO: [Synth 8-638] synthesizing module 'shifter_right' [C:/Users/Utente/Desktop/FUNZIONE SENO IN VIRGOLA FISSA/FUNZIONE SENO IN VIRGOLA FISSA.srcs/sources_1/new/SHIFTER_RIGHT.vhd:19]
	Parameter INPUT_WIDTH bound to: 7 - type: integer 
	Parameter SHIFT_AMOUNT bound to: 3 - type: integer 
	Parameter OUTPUT_WIDTH bound to: 4 - type: integer 
INFO: [Synth 8-256] done synthesizing module 'shifter_right' (0#1) [C:/Users/Utente/Desktop/FUNZIONE SENO IN VIRGOLA FISSA/FUNZIONE SENO IN VIRGOLA FISSA.srcs/sources_1/new/SHIFTER_RIGHT.vhd:19]
	Parameter WIDTH bound to: 4 - type: integer 
INFO: [Synth 8-3491] module 'mux3' declared at 'C:/Users/Utente/Desktop/FUNZIONE SENO IN VIRGOLA FISSA/FUNZIONE SENO IN VIRGOLA FISSA.srcs/sources_1/new/MUX3.vhd:7' bound to instance 'index' of component 'mux3' [C:/Users/Utente/Desktop/FUNZIONE SENO IN VIRGOLA FISSA/FUNZIONE SENO IN VIRGOLA FISSA.srcs/sources_1/new/LUT.vhd:75]
INFO: [Synth 8-638] synthesizing module 'mux3' [C:/Users/Utente/Desktop/FUNZIONE SENO IN VIRGOLA FISSA/FUNZIONE SENO IN VIRGOLA FISSA.srcs/sources_1/new/MUX3.vhd:18]
	Parameter WIDTH bound to: 4 - type: integer 
INFO: [Synth 8-256] done synthesizing module 'mux3' (0#1) [C:/Users/Utente/Desktop/FUNZIONE SENO IN VIRGOLA FISSA/FUNZIONE SENO IN VIRGOLA FISSA.srcs/sources_1/new/MUX3.vhd:18]
INFO: [Synth 8-256] done synthesizing module 'lookup_table' (0#1) [C:/Users/Utente/Desktop/FUNZIONE SENO IN VIRGOLA FISSA/FUNZIONE SENO IN VIRGOLA FISSA.srcs/sources_1/new/LUT.vhd:12]
	Parameter WIDTH bound to: 7 - type: integer 
INFO: [Synth 8-3491] module 'ripple_carry_adder' declared at 'C:/Users/Utente/Desktop/FUNZIONE SENO IN VIRGOLA FISSA/FUNZIONE SENO IN VIRGOLA FISSA.srcs/sources_1/new/ADDER.vhd:5' bound to instance 'PLUS8' of component 'ripple_carry_adder' [C:/Users/Utente/Desktop/FUNZIONE SENO IN VIRGOLA FISSA/FUNZIONE SENO IN VIRGOLA FISSA.srcs/sources_1/new/SIN_CALCULATOR.vhd:100]
INFO: [Synth 8-638] synthesizing module 'ripple_carry_adder' [C:/Users/Utente/Desktop/FUNZIONE SENO IN VIRGOLA FISSA/FUNZIONE SENO IN VIRGOLA FISSA.srcs/sources_1/new/ADDER.vhd:14]
	Parameter WIDTH bound to: 7 - type: integer 
INFO: [Synth 8-3491] module 'full_adder' declared at 'C:/Users/Utente/Desktop/FUNZIONE SENO IN VIRGOLA FISSA/FUNZIONE SENO IN VIRGOLA FISSA.srcs/sources_1/new/FA.vhd:7' bound to instance 'fa' of component 'full_adder' [C:/Users/Utente/Desktop/FUNZIONE SENO IN VIRGOLA FISSA/FUNZIONE SENO IN VIRGOLA FISSA.srcs/sources_1/new/ADDER.vhd:31]
INFO: [Synth 8-3491] module 'full_adder' declared at 'C:/Users/Utente/Desktop/FUNZIONE SENO IN VIRGOLA FISSA/FUNZIONE SENO IN VIRGOLA FISSA.srcs/sources_1/new/FA.vhd:7' bound to instance 'fa' of component 'full_adder' [C:/Users/Utente/Desktop/FUNZIONE SENO IN VIRGOLA FISSA/FUNZIONE SENO IN VIRGOLA FISSA.srcs/sources_1/new/ADDER.vhd:31]
INFO: [Synth 8-3491] module 'full_adder' declared at 'C:/Users/Utente/Desktop/FUNZIONE SENO IN VIRGOLA FISSA/FUNZIONE SENO IN VIRGOLA FISSA.srcs/sources_1/new/FA.vhd:7' bound to instance 'fa' of component 'full_adder' [C:/Users/Utente/Desktop/FUNZIONE SENO IN VIRGOLA FISSA/FUNZIONE SENO IN VIRGOLA FISSA.srcs/sources_1/new/ADDER.vhd:31]
INFO: [Synth 8-3491] module 'full_adder' declared at 'C:/Users/Utente/Desktop/FUNZIONE SENO IN VIRGOLA FISSA/FUNZIONE SENO IN VIRGOLA FISSA.srcs/sources_1/new/FA.vhd:7' bound to instance 'fa' of component 'full_adder' [C:/Users/Utente/Desktop/FUNZIONE SENO IN VIRGOLA FISSA/FUNZIONE SENO IN VIRGOLA FISSA.srcs/sources_1/new/ADDER.vhd:31]
INFO: [Synth 8-3491] module 'full_adder' declared at 'C:/Users/Utente/Desktop/FUNZIONE SENO IN VIRGOLA FISSA/FUNZIONE SENO IN VIRGOLA FISSA.srcs/sources_1/new/FA.vhd:7' bound to instance 'fa' of component 'full_adder' [C:/Users/Utente/Desktop/FUNZIONE SENO IN VIRGOLA FISSA/FUNZIONE SENO IN VIRGOLA FISSA.srcs/sources_1/new/ADDER.vhd:31]
INFO: [Synth 8-3491] module 'full_adder' declared at 'C:/Users/Utente/Desktop/FUNZIONE SENO IN VIRGOLA FISSA/FUNZIONE SENO IN VIRGOLA FISSA.srcs/sources_1/new/FA.vhd:7' bound to instance 'fa' of component 'full_adder' [C:/Users/Utente/Desktop/FUNZIONE SENO IN VIRGOLA FISSA/FUNZIONE SENO IN VIRGOLA FISSA.srcs/sources_1/new/ADDER.vhd:31]
INFO: [Synth 8-3491] module 'full_adder' declared at 'C:/Users/Utente/Desktop/FUNZIONE SENO IN VIRGOLA FISSA/FUNZIONE SENO IN VIRGOLA FISSA.srcs/sources_1/new/FA.vhd:7' bound to instance 'fa' of component 'full_adder' [C:/Users/Utente/Desktop/FUNZIONE SENO IN VIRGOLA FISSA/FUNZIONE SENO IN VIRGOLA FISSA.srcs/sources_1/new/ADDER.vhd:31]
INFO: [Synth 8-256] done synthesizing module 'ripple_carry_adder' (0#1) [C:/Users/Utente/Desktop/FUNZIONE SENO IN VIRGOLA FISSA/FUNZIONE SENO IN VIRGOLA FISSA.srcs/sources_1/new/ADDER.vhd:14]
INFO: [Synth 8-3491] module 'lookup_table' declared at 'C:/Users/Utente/Desktop/FUNZIONE SENO IN VIRGOLA FISSA/FUNZIONE SENO IN VIRGOLA FISSA.srcs/sources_1/new/LUT.vhd:7' bound to instance 'LUT_upper' of component 'lookup_table' [C:/Users/Utente/Desktop/FUNZIONE SENO IN VIRGOLA FISSA/FUNZIONE SENO IN VIRGOLA FISSA.srcs/sources_1/new/SIN_CALCULATOR.vhd:109]
INFO: [Synth 8-3491] module 'interpolator' declared at 'C:/Users/Utente/Desktop/FUNZIONE SENO IN VIRGOLA FISSA/FUNZIONE SENO IN VIRGOLA FISSA.srcs/sources_1/new/INTERPOLATOR.vhd:4' bound to instance 'interp' of component 'interpolator' [C:/Users/Utente/Desktop/FUNZIONE SENO IN VIRGOLA FISSA/FUNZIONE SENO IN VIRGOLA FISSA.srcs/sources_1/new/SIN_CALCULATOR.vhd:117]
INFO: [Synth 8-638] synthesizing module 'interpolator' [C:/Users/Utente/Desktop/FUNZIONE SENO IN VIRGOLA FISSA/FUNZIONE SENO IN VIRGOLA FISSA.srcs/sources_1/new/INTERPOLATOR.vhd:11]
	Parameter WIDTH bound to: 10 - type: integer 
INFO: [Synth 8-3491] module 'subtractor' declared at 'C:/Users/Utente/Desktop/FUNZIONE SENO IN VIRGOLA FISSA/FUNZIONE SENO IN VIRGOLA FISSA.srcs/sources_1/new/SUBTRACTOR.vhd:7' bound to instance 'sub' of component 'subtractor' [C:/Users/Utente/Desktop/FUNZIONE SENO IN VIRGOLA FISSA/FUNZIONE SENO IN VIRGOLA FISSA.srcs/sources_1/new/INTERPOLATOR.vhd:59]
INFO: [Synth 8-638] synthesizing module 'subtractor__parameterized2' [C:/Users/Utente/Desktop/FUNZIONE SENO IN VIRGOLA FISSA/FUNZIONE SENO IN VIRGOLA FISSA.srcs/sources_1/new/SUBTRACTOR.vhd:16]
	Parameter WIDTH bound to: 10 - type: integer 
INFO: [Synth 8-3491] module 'full_adder' declared at 'C:/Users/Utente/Desktop/FUNZIONE SENO IN VIRGOLA FISSA/FUNZIONE SENO IN VIRGOLA FISSA.srcs/sources_1/new/FA.vhd:7' bound to instance 'fa' of component 'full_adder' [C:/Users/Utente/Desktop/FUNZIONE SENO IN VIRGOLA FISSA/FUNZIONE SENO IN VIRGOLA FISSA.srcs/sources_1/new/SUBTRACTOR.vhd:35]
INFO: [Synth 8-3491] module 'full_adder' declared at 'C:/Users/Utente/Desktop/FUNZIONE SENO IN VIRGOLA FISSA/FUNZIONE SENO IN VIRGOLA FISSA.srcs/sources_1/new/FA.vhd:7' bound to instance 'fa' of component 'full_adder' [C:/Users/Utente/Desktop/FUNZIONE SENO IN VIRGOLA FISSA/FUNZIONE SENO IN VIRGOLA FISSA.srcs/sources_1/new/SUBTRACTOR.vhd:35]
INFO: [Synth 8-3491] module 'full_adder' declared at 'C:/Users/Utente/Desktop/FUNZIONE SENO IN VIRGOLA FISSA/FUNZIONE SENO IN VIRGOLA FISSA.srcs/sources_1/new/FA.vhd:7' bound to instance 'fa' of component 'full_adder' [C:/Users/Utente/Desktop/FUNZIONE SENO IN VIRGOLA FISSA/FUNZIONE SENO IN VIRGOLA FISSA.srcs/sources_1/new/SUBTRACTOR.vhd:35]
INFO: [Synth 8-3491] module 'full_adder' declared at 'C:/Users/Utente/Desktop/FUNZIONE SENO IN VIRGOLA FISSA/FUNZIONE SENO IN VIRGOLA FISSA.srcs/sources_1/new/FA.vhd:7' bound to instance 'fa' of component 'full_adder' [C:/Users/Utente/Desktop/FUNZIONE SENO IN VIRGOLA FISSA/FUNZIONE SENO IN VIRGOLA FISSA.srcs/sources_1/new/SUBTRACTOR.vhd:35]
INFO: [Synth 8-3491] module 'full_adder' declared at 'C:/Users/Utente/Desktop/FUNZIONE SENO IN VIRGOLA FISSA/FUNZIONE SENO IN VIRGOLA FISSA.srcs/sources_1/new/FA.vhd:7' bound to instance 'fa' of component 'full_adder' [C:/Users/Utente/Desktop/FUNZIONE SENO IN VIRGOLA FISSA/FUNZIONE SENO IN VIRGOLA FISSA.srcs/sources_1/new/SUBTRACTOR.vhd:35]
INFO: [Synth 8-3491] module 'full_adder' declared at 'C:/Users/Utente/Desktop/FUNZIONE SENO IN VIRGOLA FISSA/FUNZIONE SENO IN VIRGOLA FISSA.srcs/sources_1/new/FA.vhd:7' bound to instance 'fa' of component 'full_adder' [C:/Users/Utente/Desktop/FUNZIONE SENO IN VIRGOLA FISSA/FUNZIONE SENO IN VIRGOLA FISSA.srcs/sources_1/new/SUBTRACTOR.vhd:35]
INFO: [Synth 8-3491] module 'full_adder' declared at 'C:/Users/Utente/Desktop/FUNZIONE SENO IN VIRGOLA FISSA/FUNZIONE SENO IN VIRGOLA FISSA.srcs/sources_1/new/FA.vhd:7' bound to instance 'fa' of component 'full_adder' [C:/Users/Utente/Desktop/FUNZIONE SENO IN VIRGOLA FISSA/FUNZIONE SENO IN VIRGOLA FISSA.srcs/sources_1/new/SUBTRACTOR.vhd:35]
INFO: [Synth 8-3491] module 'full_adder' declared at 'C:/Users/Utente/Desktop/FUNZIONE SENO IN VIRGOLA FISSA/FUNZIONE SENO IN VIRGOLA FISSA.srcs/sources_1/new/FA.vhd:7' bound to instance 'fa' of component 'full_adder' [C:/Users/Utente/Desktop/FUNZIONE SENO IN VIRGOLA FISSA/FUNZIONE SENO IN VIRGOLA FISSA.srcs/sources_1/new/SUBTRACTOR.vhd:35]
INFO: [Synth 8-3491] module 'full_adder' declared at 'C:/Users/Utente/Desktop/FUNZIONE SENO IN VIRGOLA FISSA/FUNZIONE SENO IN VIRGOLA FISSA.srcs/sources_1/new/FA.vhd:7' bound to instance 'fa' of component 'full_adder' [C:/Users/Utente/Desktop/FUNZIONE SENO IN VIRGOLA FISSA/FUNZIONE SENO IN VIRGOLA FISSA.srcs/sources_1/new/SUBTRACTOR.vhd:35]
INFO: [Synth 8-3491] module 'full_adder' declared at 'C:/Users/Utente/Desktop/FUNZIONE SENO IN VIRGOLA FISSA/FUNZIONE SENO IN VIRGOLA FISSA.srcs/sources_1/new/FA.vhd:7' bound to instance 'fa' of component 'full_adder' [C:/Users/Utente/Desktop/FUNZIONE SENO IN VIRGOLA FISSA/FUNZIONE SENO IN VIRGOLA FISSA.srcs/sources_1/new/SUBTRACTOR.vhd:35]
INFO: [Synth 8-256] done synthesizing module 'subtractor__parameterized2' (0#1) [C:/Users/Utente/Desktop/FUNZIONE SENO IN VIRGOLA FISSA/FUNZIONE SENO IN VIRGOLA FISSA.srcs/sources_1/new/SUBTRACTOR.vhd:16]
	Parameter A_WIDTH bound to: 10 - type: integer 
	Parameter B_WIDTH bound to: 3 - type: integer 
INFO: [Synth 8-3491] module 'multiplier' declared at 'C:/Users/Utente/Desktop/FUNZIONE SENO IN VIRGOLA FISSA/FUNZIONE SENO IN VIRGOLA FISSA.srcs/sources_1/new/MULTIPLIER.vhd:7' bound to instance 'mul' of component 'multiplier' [C:/Users/Utente/Desktop/FUNZIONE SENO IN VIRGOLA FISSA/FUNZIONE SENO IN VIRGOLA FISSA.srcs/sources_1/new/INTERPOLATOR.vhd:67]
INFO: [Synth 8-638] synthesizing module 'multiplier' [C:/Users/Utente/Desktop/FUNZIONE SENO IN VIRGOLA FISSA/FUNZIONE SENO IN VIRGOLA FISSA.srcs/sources_1/new/MULTIPLIER.vhd:17]
	Parameter A_WIDTH bound to: 10 - type: integer 
	Parameter B_WIDTH bound to: 3 - type: integer 
	Parameter WIDTH bound to: 13 - type: integer 
INFO: [Synth 8-3491] module 'ripple_carry_adder' declared at 'C:/Users/Utente/Desktop/FUNZIONE SENO IN VIRGOLA FISSA/FUNZIONE SENO IN VIRGOLA FISSA.srcs/sources_1/new/ADDER.vhd:5' bound to instance 'first_adder' of component 'ripple_carry_adder' [C:/Users/Utente/Desktop/FUNZIONE SENO IN VIRGOLA FISSA/FUNZIONE SENO IN VIRGOLA FISSA.srcs/sources_1/new/MULTIPLIER.vhd:44]
INFO: [Synth 8-638] synthesizing module 'ripple_carry_adder__parameterized1' [C:/Users/Utente/Desktop/FUNZIONE SENO IN VIRGOLA FISSA/FUNZIONE SENO IN VIRGOLA FISSA.srcs/sources_1/new/ADDER.vhd:14]
	Parameter WIDTH bound to: 13 - type: integer 
INFO: [Synth 8-3491] module 'full_adder' declared at 'C:/Users/Utente/Desktop/FUNZIONE SENO IN VIRGOLA FISSA/FUNZIONE SENO IN VIRGOLA FISSA.srcs/sources_1/new/FA.vhd:7' bound to instance 'fa' of component 'full_adder' [C:/Users/Utente/Desktop/FUNZIONE SENO IN VIRGOLA FISSA/FUNZIONE SENO IN VIRGOLA FISSA.srcs/sources_1/new/ADDER.vhd:31]
INFO: [Synth 8-3491] module 'full_adder' declared at 'C:/Users/Utente/Desktop/FUNZIONE SENO IN VIRGOLA FISSA/FUNZIONE SENO IN VIRGOLA FISSA.srcs/sources_1/new/FA.vhd:7' bound to instance 'fa' of component 'full_adder' [C:/Users/Utente/Desktop/FUNZIONE SENO IN VIRGOLA FISSA/FUNZIONE SENO IN VIRGOLA FISSA.srcs/sources_1/new/ADDER.vhd:31]
INFO: [Synth 8-3491] module 'full_adder' declared at 'C:/Users/Utente/Desktop/FUNZIONE SENO IN VIRGOLA FISSA/FUNZIONE SENO IN VIRGOLA FISSA.srcs/sources_1/new/FA.vhd:7' bound to instance 'fa' of component 'full_adder' [C:/Users/Utente/Desktop/FUNZIONE SENO IN VIRGOLA FISSA/FUNZIONE SENO IN VIRGOLA FISSA.srcs/sources_1/new/ADDER.vhd:31]
INFO: [Synth 8-3491] module 'full_adder' declared at 'C:/Users/Utente/Desktop/FUNZIONE SENO IN VIRGOLA FISSA/FUNZIONE SENO IN VIRGOLA FISSA.srcs/sources_1/new/FA.vhd:7' bound to instance 'fa' of component 'full_adder' [C:/Users/Utente/Desktop/FUNZIONE SENO IN VIRGOLA FISSA/FUNZIONE SENO IN VIRGOLA FISSA.srcs/sources_1/new/ADDER.vhd:31]
INFO: [Synth 8-3491] module 'full_adder' declared at 'C:/Users/Utente/Desktop/FUNZIONE SENO IN VIRGOLA FISSA/FUNZIONE SENO IN VIRGOLA FISSA.srcs/sources_1/new/FA.vhd:7' bound to instance 'fa' of component 'full_adder' [C:/Users/Utente/Desktop/FUNZIONE SENO IN VIRGOLA FISSA/FUNZIONE SENO IN VIRGOLA FISSA.srcs/sources_1/new/ADDER.vhd:31]
INFO: [Synth 8-3491] module 'full_adder' declared at 'C:/Users/Utente/Desktop/FUNZIONE SENO IN VIRGOLA FISSA/FUNZIONE SENO IN VIRGOLA FISSA.srcs/sources_1/new/FA.vhd:7' bound to instance 'fa' of component 'full_adder' [C:/Users/Utente/Desktop/FUNZIONE SENO IN VIRGOLA FISSA/FUNZIONE SENO IN VIRGOLA FISSA.srcs/sources_1/new/ADDER.vhd:31]
INFO: [Synth 8-3491] module 'full_adder' declared at 'C:/Users/Utente/Desktop/FUNZIONE SENO IN VIRGOLA FISSA/FUNZIONE SENO IN VIRGOLA FISSA.srcs/sources_1/new/FA.vhd:7' bound to instance 'fa' of component 'full_adder' [C:/Users/Utente/Desktop/FUNZIONE SENO IN VIRGOLA FISSA/FUNZIONE SENO IN VIRGOLA FISSA.srcs/sources_1/new/ADDER.vhd:31]
INFO: [Synth 8-3491] module 'full_adder' declared at 'C:/Users/Utente/Desktop/FUNZIONE SENO IN VIRGOLA FISSA/FUNZIONE SENO IN VIRGOLA FISSA.srcs/sources_1/new/FA.vhd:7' bound to instance 'fa' of component 'full_adder' [C:/Users/Utente/Desktop/FUNZIONE SENO IN VIRGOLA FISSA/FUNZIONE SENO IN VIRGOLA FISSA.srcs/sources_1/new/ADDER.vhd:31]
INFO: [Synth 8-3491] module 'full_adder' declared at 'C:/Users/Utente/Desktop/FUNZIONE SENO IN VIRGOLA FISSA/FUNZIONE SENO IN VIRGOLA FISSA.srcs/sources_1/new/FA.vhd:7' bound to instance 'fa' of component 'full_adder' [C:/Users/Utente/Desktop/FUNZIONE SENO IN VIRGOLA FISSA/FUNZIONE SENO IN VIRGOLA FISSA.srcs/sources_1/new/ADDER.vhd:31]
INFO: [Synth 8-3491] module 'full_adder' declared at 'C:/Users/Utente/Desktop/FUNZIONE SENO IN VIRGOLA FISSA/FUNZIONE SENO IN VIRGOLA FISSA.srcs/sources_1/new/FA.vhd:7' bound to instance 'fa' of component 'full_adder' [C:/Users/Utente/Desktop/FUNZIONE SENO IN VIRGOLA FISSA/FUNZIONE SENO IN VIRGOLA FISSA.srcs/sources_1/new/ADDER.vhd:31]
INFO: [Synth 8-3491] module 'full_adder' declared at 'C:/Users/Utente/Desktop/FUNZIONE SENO IN VIRGOLA FISSA/FUNZIONE SENO IN VIRGOLA FISSA.srcs/sources_1/new/FA.vhd:7' bound to instance 'fa' of component 'full_adder' [C:/Users/Utente/Desktop/FUNZIONE SENO IN VIRGOLA FISSA/FUNZIONE SENO IN VIRGOLA FISSA.srcs/sources_1/new/ADDER.vhd:31]
INFO: [Synth 8-3491] module 'full_adder' declared at 'C:/Users/Utente/Desktop/FUNZIONE SENO IN VIRGOLA FISSA/FUNZIONE SENO IN VIRGOLA FISSA.srcs/sources_1/new/FA.vhd:7' bound to instance 'fa' of component 'full_adder' [C:/Users/Utente/Desktop/FUNZIONE SENO IN VIRGOLA FISSA/FUNZIONE SENO IN VIRGOLA FISSA.srcs/sources_1/new/ADDER.vhd:31]
INFO: [Synth 8-3491] module 'full_adder' declared at 'C:/Users/Utente/Desktop/FUNZIONE SENO IN VIRGOLA FISSA/FUNZIONE SENO IN VIRGOLA FISSA.srcs/sources_1/new/FA.vhd:7' bound to instance 'fa' of component 'full_adder' [C:/Users/Utente/Desktop/FUNZIONE SENO IN VIRGOLA FISSA/FUNZIONE SENO IN VIRGOLA FISSA.srcs/sources_1/new/ADDER.vhd:31]
INFO: [Synth 8-256] done synthesizing module 'ripple_carry_adder__parameterized1' (0#1) [C:/Users/Utente/Desktop/FUNZIONE SENO IN VIRGOLA FISSA/FUNZIONE SENO IN VIRGOLA FISSA.srcs/sources_1/new/ADDER.vhd:14]
	Parameter WIDTH bound to: 13 - type: integer 
INFO: [Synth 8-3491] module 'ripple_carry_adder' declared at 'C:/Users/Utente/Desktop/FUNZIONE SENO IN VIRGOLA FISSA/FUNZIONE SENO IN VIRGOLA FISSA.srcs/sources_1/new/ADDER.vhd:5' bound to instance 'adder' of component 'ripple_carry_adder' [C:/Users/Utente/Desktop/FUNZIONE SENO IN VIRGOLA FISSA/FUNZIONE SENO IN VIRGOLA FISSA.srcs/sources_1/new/MULTIPLIER.vhd:54]
INFO: [Synth 8-256] done synthesizing module 'multiplier' (0#1) [C:/Users/Utente/Desktop/FUNZIONE SENO IN VIRGOLA FISSA/FUNZIONE SENO IN VIRGOLA FISSA.srcs/sources_1/new/MULTIPLIER.vhd:17]
	Parameter INPUT_WIDTH bound to: 13 - type: integer 
	Parameter SHIFT_AMOUNT bound to: 3 - type: integer 
	Parameter OUTPUT_WIDTH bound to: 10 - type: integer 
INFO: [Synth 8-3491] module 'shifter_right' declared at 'C:/Users/Utente/Desktop/FUNZIONE SENO IN VIRGOLA FISSA/FUNZIONE SENO IN VIRGOLA FISSA.srcs/sources_1/new/SHIFTER_RIGHT.vhd:7' bound to instance 'shifter' of component 'shifter_right' [C:/Users/Utente/Desktop/FUNZIONE SENO IN VIRGOLA FISSA/FUNZIONE SENO IN VIRGOLA FISSA.srcs/sources_1/new/INTERPOLATOR.vhd:75]
INFO: [Synth 8-638] synthesizing module 'shifter_right__parameterized1' [C:/Users/Utente/Desktop/FUNZIONE SENO IN VIRGOLA FISSA/FUNZIONE SENO IN VIRGOLA FISSA.srcs/sources_1/new/SHIFTER_RIGHT.vhd:19]
	Parameter INPUT_WIDTH bound to: 13 - type: integer 
	Parameter SHIFT_AMOUNT bound to: 3 - type: integer 
	Parameter OUTPUT_WIDTH bound to: 10 - type: integer 
INFO: [Synth 8-256] done synthesizing module 'shifter_right__parameterized1' (0#1) [C:/Users/Utente/Desktop/FUNZIONE SENO IN VIRGOLA FISSA/FUNZIONE SENO IN VIRGOLA FISSA.srcs/sources_1/new/SHIFTER_RIGHT.vhd:19]
	Parameter WIDTH bound to: 10 - type: integer 
INFO: [Synth 8-3491] module 'ripple_carry_adder' declared at 'C:/Users/Utente/Desktop/FUNZIONE SENO IN VIRGOLA FISSA/FUNZIONE SENO IN VIRGOLA FISSA.srcs/sources_1/new/ADDER.vhd:5' bound to instance 'add' of component 'ripple_carry_adder' [C:/Users/Utente/Desktop/FUNZIONE SENO IN VIRGOLA FISSA/FUNZIONE SENO IN VIRGOLA FISSA.srcs/sources_1/new/INTERPOLATOR.vhd:86]
INFO: [Synth 8-638] synthesizing module 'ripple_carry_adder__parameterized3' [C:/Users/Utente/Desktop/FUNZIONE SENO IN VIRGOLA FISSA/FUNZIONE SENO IN VIRGOLA FISSA.srcs/sources_1/new/ADDER.vhd:14]
	Parameter WIDTH bound to: 10 - type: integer 
INFO: [Synth 8-3491] module 'full_adder' declared at 'C:/Users/Utente/Desktop/FUNZIONE SENO IN VIRGOLA FISSA/FUNZIONE SENO IN VIRGOLA FISSA.srcs/sources_1/new/FA.vhd:7' bound to instance 'fa' of component 'full_adder' [C:/Users/Utente/Desktop/FUNZIONE SENO IN VIRGOLA FISSA/FUNZIONE SENO IN VIRGOLA FISSA.srcs/sources_1/new/ADDER.vhd:31]
INFO: [Synth 8-3491] module 'full_adder' declared at 'C:/Users/Utente/Desktop/FUNZIONE SENO IN VIRGOLA FISSA/FUNZIONE SENO IN VIRGOLA FISSA.srcs/sources_1/new/FA.vhd:7' bound to instance 'fa' of component 'full_adder' [C:/Users/Utente/Desktop/FUNZIONE SENO IN VIRGOLA FISSA/FUNZIONE SENO IN VIRGOLA FISSA.srcs/sources_1/new/ADDER.vhd:31]
INFO: [Synth 8-3491] module 'full_adder' declared at 'C:/Users/Utente/Desktop/FUNZIONE SENO IN VIRGOLA FISSA/FUNZIONE SENO IN VIRGOLA FISSA.srcs/sources_1/new/FA.vhd:7' bound to instance 'fa' of component 'full_adder' [C:/Users/Utente/Desktop/FUNZIONE SENO IN VIRGOLA FISSA/FUNZIONE SENO IN VIRGOLA FISSA.srcs/sources_1/new/ADDER.vhd:31]
INFO: [Synth 8-3491] module 'full_adder' declared at 'C:/Users/Utente/Desktop/FUNZIONE SENO IN VIRGOLA FISSA/FUNZIONE SENO IN VIRGOLA FISSA.srcs/sources_1/new/FA.vhd:7' bound to instance 'fa' of component 'full_adder' [C:/Users/Utente/Desktop/FUNZIONE SENO IN VIRGOLA FISSA/FUNZIONE SENO IN VIRGOLA FISSA.srcs/sources_1/new/ADDER.vhd:31]
INFO: [Synth 8-3491] module 'full_adder' declared at 'C:/Users/Utente/Desktop/FUNZIONE SENO IN VIRGOLA FISSA/FUNZIONE SENO IN VIRGOLA FISSA.srcs/sources_1/new/FA.vhd:7' bound to instance 'fa' of component 'full_adder' [C:/Users/Utente/Desktop/FUNZIONE SENO IN VIRGOLA FISSA/FUNZIONE SENO IN VIRGOLA FISSA.srcs/sources_1/new/ADDER.vhd:31]
INFO: [Synth 8-3491] module 'full_adder' declared at 'C:/Users/Utente/Desktop/FUNZIONE SENO IN VIRGOLA FISSA/FUNZIONE SENO IN VIRGOLA FISSA.srcs/sources_1/new/FA.vhd:7' bound to instance 'fa' of component 'full_adder' [C:/Users/Utente/Desktop/FUNZIONE SENO IN VIRGOLA FISSA/FUNZIONE SENO IN VIRGOLA FISSA.srcs/sources_1/new/ADDER.vhd:31]
INFO: [Synth 8-3491] module 'full_adder' declared at 'C:/Users/Utente/Desktop/FUNZIONE SENO IN VIRGOLA FISSA/FUNZIONE SENO IN VIRGOLA FISSA.srcs/sources_1/new/FA.vhd:7' bound to instance 'fa' of component 'full_adder' [C:/Users/Utente/Desktop/FUNZIONE SENO IN VIRGOLA FISSA/FUNZIONE SENO IN VIRGOLA FISSA.srcs/sources_1/new/ADDER.vhd:31]
INFO: [Synth 8-3491] module 'full_adder' declared at 'C:/Users/Utente/Desktop/FUNZIONE SENO IN VIRGOLA FISSA/FUNZIONE SENO IN VIRGOLA FISSA.srcs/sources_1/new/FA.vhd:7' bound to instance 'fa' of component 'full_adder' [C:/Users/Utente/Desktop/FUNZIONE SENO IN VIRGOLA FISSA/FUNZIONE SENO IN VIRGOLA FISSA.srcs/sources_1/new/ADDER.vhd:31]
INFO: [Synth 8-3491] module 'full_adder' declared at 'C:/Users/Utente/Desktop/FUNZIONE SENO IN VIRGOLA FISSA/FUNZIONE SENO IN VIRGOLA FISSA.srcs/sources_1/new/FA.vhd:7' bound to instance 'fa' of component 'full_adder' [C:/Users/Utente/Desktop/FUNZIONE SENO IN VIRGOLA FISSA/FUNZIONE SENO IN VIRGOLA FISSA.srcs/sources_1/new/ADDER.vhd:31]
INFO: [Synth 8-3491] module 'full_adder' declared at 'C:/Users/Utente/Desktop/FUNZIONE SENO IN VIRGOLA FISSA/FUNZIONE SENO IN VIRGOLA FISSA.srcs/sources_1/new/FA.vhd:7' bound to instance 'fa' of component 'full_adder' [C:/Users/Utente/Desktop/FUNZIONE SENO IN VIRGOLA FISSA/FUNZIONE SENO IN VIRGOLA FISSA.srcs/sources_1/new/ADDER.vhd:31]
INFO: [Synth 8-256] done synthesizing module 'ripple_carry_adder__parameterized3' (0#1) [C:/Users/Utente/Desktop/FUNZIONE SENO IN VIRGOLA FISSA/FUNZIONE SENO IN VIRGOLA FISSA.srcs/sources_1/new/ADDER.vhd:14]
INFO: [Synth 8-256] done synthesizing module 'interpolator' (0#1) [C:/Users/Utente/Desktop/FUNZIONE SENO IN VIRGOLA FISSA/FUNZIONE SENO IN VIRGOLA FISSA.srcs/sources_1/new/INTERPOLATOR.vhd:11]
INFO: [Synth 8-3491] module 'quadrant_adjuster' declared at 'C:/Users/Utente/Desktop/FUNZIONE SENO IN VIRGOLA FISSA/FUNZIONE SENO IN VIRGOLA FISSA.srcs/sources_1/new/QUADRANT_ADJUSTER.vhd:7' bound to instance 'Adj' of component 'quadrant_adjuster' [C:/Users/Utente/Desktop/FUNZIONE SENO IN VIRGOLA FISSA/FUNZIONE SENO IN VIRGOLA FISSA.srcs/sources_1/new/SIN_CALCULATOR.vhd:128]
INFO: [Synth 8-638] synthesizing module 'quadrant_adjuster' [C:/Users/Utente/Desktop/FUNZIONE SENO IN VIRGOLA FISSA/FUNZIONE SENO IN VIRGOLA FISSA.srcs/sources_1/new/QUADRANT_ADJUSTER.vhd:13]
	Parameter INPUT_WIDTH bound to: 2 - type: integer 
	Parameter SHIFT_AMOUNT bound to: 1 - type: integer 
	Parameter OUTPUT_WIDTH bound to: 1 - type: integer 
INFO: [Synth 8-3491] module 'shifter_right' declared at 'C:/Users/Utente/Desktop/FUNZIONE SENO IN VIRGOLA FISSA/FUNZIONE SENO IN VIRGOLA FISSA.srcs/sources_1/new/SHIFTER_RIGHT.vhd:7' bound to instance 'signalSel' of component 'shifter_right' [C:/Users/Utente/Desktop/FUNZIONE SENO IN VIRGOLA FISSA/FUNZIONE SENO IN VIRGOLA FISSA.srcs/sources_1/new/QUADRANT_ADJUSTER.vhd:49]
INFO: [Synth 8-638] synthesizing module 'shifter_right__parameterized3' [C:/Users/Utente/Desktop/FUNZIONE SENO IN VIRGOLA FISSA/FUNZIONE SENO IN VIRGOLA FISSA.srcs/sources_1/new/SHIFTER_RIGHT.vhd:19]
	Parameter INPUT_WIDTH bound to: 2 - type: integer 
	Parameter SHIFT_AMOUNT bound to: 1 - type: integer 
	Parameter OUTPUT_WIDTH bound to: 1 - type: integer 
INFO: [Synth 8-256] done synthesizing module 'shifter_right__parameterized3' (0#1) [C:/Users/Utente/Desktop/FUNZIONE SENO IN VIRGOLA FISSA/FUNZIONE SENO IN VIRGOLA FISSA.srcs/sources_1/new/SHIFTER_RIGHT.vhd:19]
INFO: [Synth 8-3491] module 'twos_complement' declared at 'C:/Users/Utente/Desktop/FUNZIONE SENO IN VIRGOLA FISSA/FUNZIONE SENO IN VIRGOLA FISSA.srcs/sources_1/new/CA2.vhd:7' bound to instance 'neg' of component 'twos_complement' [C:/Users/Utente/Desktop/FUNZIONE SENO IN VIRGOLA FISSA/FUNZIONE SENO IN VIRGOLA FISSA.srcs/sources_1/new/QUADRANT_ADJUSTER.vhd:61]
INFO: [Synth 8-638] synthesizing module 'twos_complement' [C:/Users/Utente/Desktop/FUNZIONE SENO IN VIRGOLA FISSA/FUNZIONE SENO IN VIRGOLA FISSA.srcs/sources_1/new/CA2.vhd:15]
	Parameter WIDTH bound to: 10 - type: integer 
INFO: [Synth 8-3491] module 'ripple_carry_adder' declared at 'C:/Users/Utente/Desktop/FUNZIONE SENO IN VIRGOLA FISSA/FUNZIONE SENO IN VIRGOLA FISSA.srcs/sources_1/new/ADDER.vhd:5' bound to instance 'add' of component 'ripple_carry_adder' [C:/Users/Utente/Desktop/FUNZIONE SENO IN VIRGOLA FISSA/FUNZIONE SENO IN VIRGOLA FISSA.srcs/sources_1/new/CA2.vhd:34]
INFO: [Synth 8-256] done synthesizing module 'twos_complement' (0#1) [C:/Users/Utente/Desktop/FUNZIONE SENO IN VIRGOLA FISSA/FUNZIONE SENO IN VIRGOLA FISSA.srcs/sources_1/new/CA2.vhd:15]
	Parameter WIDTH bound to: 10 - type: integer 
INFO: [Synth 8-3491] module 'mux2' declared at 'C:/Users/Utente/Desktop/FUNZIONE SENO IN VIRGOLA FISSA/FUNZIONE SENO IN VIRGOLA FISSA.srcs/sources_1/new/MUX2.vhd:4' bound to instance 'mux' of component 'mux2' [C:/Users/Utente/Desktop/FUNZIONE SENO IN VIRGOLA FISSA/FUNZIONE SENO IN VIRGOLA FISSA.srcs/sources_1/new/QUADRANT_ADJUSTER.vhd:66]
INFO: [Synth 8-638] synthesizing module 'mux2__parameterized3' [C:/Users/Utente/Desktop/FUNZIONE SENO IN VIRGOLA FISSA/FUNZIONE SENO IN VIRGOLA FISSA.srcs/sources_1/new/MUX2.vhd:14]
	Parameter WIDTH bound to: 10 - type: integer 
INFO: [Synth 8-256] done synthesizing module 'mux2__parameterized3' (0#1) [C:/Users/Utente/Desktop/FUNZIONE SENO IN VIRGOLA FISSA/FUNZIONE SENO IN VIRGOLA FISSA.srcs/sources_1/new/MUX2.vhd:14]
INFO: [Synth 8-256] done synthesizing module 'quadrant_adjuster' (0#1) [C:/Users/Utente/Desktop/FUNZIONE SENO IN VIRGOLA FISSA/FUNZIONE SENO IN VIRGOLA FISSA.srcs/sources_1/new/QUADRANT_ADJUSTER.vhd:13]
INFO: [Synth 8-256] done synthesizing module 'sine_calculator' (0#1) [C:/Users/Utente/Desktop/FUNZIONE SENO IN VIRGOLA FISSA/FUNZIONE SENO IN VIRGOLA FISSA.srcs/sources_1/new/SIN_CALCULATOR.vhd:14]
WARNING: [Synth 8-7129] Port input[0] in module shifter_right__parameterized3 is either unconnected or has no load
WARNING: [Synth 8-7129] Port input[2] in module shifter_right__parameterized1 is either unconnected or has no load
WARNING: [Synth 8-7129] Port input[1] in module shifter_right__parameterized1 is either unconnected or has no load
WARNING: [Synth 8-7129] Port input[0] in module shifter_right__parameterized1 is either unconnected or has no load
WARNING: [Synth 8-7129] Port input[2] in module shifter_right is either unconnected or has no load
WARNING: [Synth 8-7129] Port input[1] in module shifter_right is either unconnected or has no load
WARNING: [Synth 8-7129] Port input[0] in module shifter_right is either unconnected or has no load
---------------------------------------------------------------------------------
Finished RTL Elaboration : Time (s): cpu = 00:00:06 ; elapsed = 00:00:07 . Memory (MB): peak = 1494.785 ; gain = 560.395
---------------------------------------------------------------------------------
---------------------------------------------------------------------------------
Start Handling Custom Attributes
---------------------------------------------------------------------------------
---------------------------------------------------------------------------------
Finished Handling Custom Attributes : Time (s): cpu = 00:00:06 ; elapsed = 00:00:07 . Memory (MB): peak = 1494.785 ; gain = 560.395
---------------------------------------------------------------------------------
---------------------------------------------------------------------------------
Finished RTL Optimization Phase 1 : Time (s): cpu = 00:00:06 ; elapsed = 00:00:07 . Memory (MB): peak = 1494.785 ; gain = 560.395
---------------------------------------------------------------------------------
Netlist sorting complete. Time (s): cpu = 00:00:01 ; elapsed = 00:00:00.004 . Memory (MB): peak = 1494.785 ; gain = 0.000
INFO: [Project 1-570] Preparing netlist for logic optimization

Processing XDC Constraints
Initializing timing engine
Parsing XDC File [C:/Users/Utente/Desktop/FUNZIONE SENO IN VIRGOLA FISSA/FUNZIONE SENO IN VIRGOLA FISSA.srcs/constrs_1/new/timing.xdc]
Finished Parsing XDC File [C:/Users/Utente/Desktop/FUNZIONE SENO IN VIRGOLA FISSA/FUNZIONE SENO IN VIRGOLA FISSA.srcs/constrs_1/new/timing.xdc]
Completed Processing XDC Constraints

Netlist sorting complete. Time (s): cpu = 00:00:00 ; elapsed = 00:00:00 . Memory (MB): peak = 1541.605 ; gain = 0.000
INFO: [Project 1-111] Unisim Transformation Summary:
No Unisim elements were transformed.

Constraint Validation Runtime : Time (s): cpu = 00:00:00 ; elapsed = 00:00:00.015 . Memory (MB): peak = 1541.605 ; gain = 0.000
INFO: [Designutils 20-5440] No compile time benefit to using incremental synthesis; A full resynthesis will be run
INFO: [Designutils 20-4379] Flow is switching to default flow due to incremental criteria not met. If you would like to alter this behaviour and have the flow terminate instead, please set the following parameter config_implementation {autoIncr.Synth.RejectBehavior Terminate}
---------------------------------------------------------------------------------
Finished Constraint Validation : Time (s): cpu = 00:00:13 ; elapsed = 00:00:14 . Memory (MB): peak = 1541.605 ; gain = 607.215
---------------------------------------------------------------------------------
---------------------------------------------------------------------------------
Start Loading Part and Timing Information
---------------------------------------------------------------------------------
Loading part: xc7a15tcsg324-1
---------------------------------------------------------------------------------
Finished Loading Part and Timing Information : Time (s): cpu = 00:00:13 ; elapsed = 00:00:14 . Memory (MB): peak = 1541.605 ; gain = 607.215
---------------------------------------------------------------------------------
---------------------------------------------------------------------------------
Start Applying 'set_property' XDC Constraints
---------------------------------------------------------------------------------
---------------------------------------------------------------------------------
Finished applying 'set_property' XDC Constraints : Time (s): cpu = 00:00:13 ; elapsed = 00:00:14 . Memory (MB): peak = 1541.605 ; gain = 607.215
---------------------------------------------------------------------------------
---------------------------------------------------------------------------------
Finished RTL Optimization Phase 2 : Time (s): cpu = 00:00:13 ; elapsed = 00:00:14 . Memory (MB): peak = 1541.605 ; gain = 607.215
---------------------------------------------------------------------------------
---------------------------------------------------------------------------------
Start RTL Component Statistics 
---------------------------------------------------------------------------------
Detailed RTL Component Info : 
+---XORs : 
	   2 Input      1 Bit         XORs := 212   
+---Registers : 
	               10 Bit    Registers := 1     
	                9 Bit    Registers := 1     
+---Muxes : 
	   2 Input   10 Bit        Muxes := 2     
	   4 Input    7 Bit        Muxes := 1     
	   2 Input    7 Bit        Muxes := 1     
	   4 Input    4 Bit        Muxes := 2     
	   4 Input    2 Bit        Muxes := 1     
	   2 Input    2 Bit        Muxes := 3     
	   3 Input    2 Bit        Muxes := 2     
---------------------------------------------------------------------------------
Finished RTL Component Statistics 
---------------------------------------------------------------------------------
---------------------------------------------------------------------------------
Start Part Resource Summary
---------------------------------------------------------------------------------
Part Resources:
DSPs: 45 (col length:60)
BRAMs: 50 (col length: RAMB18 60 RAMB36 30)
---------------------------------------------------------------------------------
Finished Part Resource Summary
---------------------------------------------------------------------------------
---------------------------------------------------------------------------------
Start Cross Boundary and Area Optimization
---------------------------------------------------------------------------------
WARNING: [Synth 8-7080] Parallel synthesis criteria is not met
---------------------------------------------------------------------------------
Finished Cross Boundary and Area Optimization : Time (s): cpu = 00:00:18 ; elapsed = 00:00:18 . Memory (MB): peak = 1541.605 ; gain = 607.215
---------------------------------------------------------------------------------
---------------------------------------------------------------------------------
Start Applying XDC Timing Constraints
---------------------------------------------------------------------------------
---------------------------------------------------------------------------------
Finished Applying XDC Timing Constraints : Time (s): cpu = 00:00:23 ; elapsed = 00:00:23 . Memory (MB): peak = 1541.605 ; gain = 607.215
---------------------------------------------------------------------------------
---------------------------------------------------------------------------------
Start Timing Optimization
---------------------------------------------------------------------------------
---------------------------------------------------------------------------------
Finished Timing Optimization : Time (s): cpu = 00:00:24 ; elapsed = 00:00:24 . Memory (MB): peak = 1541.605 ; gain = 607.215
---------------------------------------------------------------------------------
---------------------------------------------------------------------------------
Start Technology Mapping
---------------------------------------------------------------------------------
---------------------------------------------------------------------------------
Finished Technology Mapping : Time (s): cpu = 00:00:24 ; elapsed = 00:00:24 . Memory (MB): peak = 1541.605 ; gain = 607.215
---------------------------------------------------------------------------------
---------------------------------------------------------------------------------
Start IO Insertion
---------------------------------------------------------------------------------
---------------------------------------------------------------------------------
Start Flattening Before IO Insertion
---------------------------------------------------------------------------------
---------------------------------------------------------------------------------
Finished Flattening Before IO Insertion
---------------------------------------------------------------------------------
---------------------------------------------------------------------------------
Start Final Netlist Cleanup
---------------------------------------------------------------------------------
---------------------------------------------------------------------------------
Finished Final Netlist Cleanup
---------------------------------------------------------------------------------
---------------------------------------------------------------------------------
Finished IO Insertion : Time (s): cpu = 00:00:28 ; elapsed = 00:00:28 . Memory (MB): peak = 1541.605 ; gain = 607.215
---------------------------------------------------------------------------------
---------------------------------------------------------------------------------
Start Renaming Generated Instances
---------------------------------------------------------------------------------
---------------------------------------------------------------------------------
Finished Renaming Generated Instances : Time (s): cpu = 00:00:28 ; elapsed = 00:00:28 . Memory (MB): peak = 1541.605 ; gain = 607.215
---------------------------------------------------------------------------------
---------------------------------------------------------------------------------
Start Rebuilding User Hierarchy
---------------------------------------------------------------------------------
---------------------------------------------------------------------------------
Finished Rebuilding User Hierarchy : Time (s): cpu = 00:00:28 ; elapsed = 00:00:28 . Memory (MB): peak = 1541.605 ; gain = 607.215
---------------------------------------------------------------------------------
---------------------------------------------------------------------------------
Start Renaming Generated Ports
---------------------------------------------------------------------------------
---------------------------------------------------------------------------------
Finished Renaming Generated Ports : Time (s): cpu = 00:00:28 ; elapsed = 00:00:28 . Memory (MB): peak = 1541.605 ; gain = 607.215
---------------------------------------------------------------------------------
---------------------------------------------------------------------------------
Start Handling Custom Attributes
---------------------------------------------------------------------------------
---------------------------------------------------------------------------------
Finished Handling Custom Attributes : Time (s): cpu = 00:00:28 ; elapsed = 00:00:28 . Memory (MB): peak = 1541.605 ; gain = 607.215
---------------------------------------------------------------------------------
---------------------------------------------------------------------------------
Start Renaming Generated Nets
---------------------------------------------------------------------------------
---------------------------------------------------------------------------------
Finished Renaming Generated Nets : Time (s): cpu = 00:00:28 ; elapsed = 00:00:28 . Memory (MB): peak = 1541.605 ; gain = 607.215
---------------------------------------------------------------------------------
---------------------------------------------------------------------------------
Start Writing Synthesis Report
---------------------------------------------------------------------------------

Report BlackBoxes: 
+-+--------------+----------+
| |BlackBox name |Instances |
+-+--------------+----------+
+-+--------------+----------+

Report Cell Usage: 
+------+------+------+
|      |Cell  |Count |
+------+------+------+
|1     |BUFG  |     1|
|2     |LUT2  |     2|
|3     |LUT4  |     1|
|4     |LUT5  |     8|
|5     |LUT6  |    52|
|6     |MUXF7 |    20|
|7     |FDCE  |    19|
|8     |IBUF  |    11|
|9     |OBUF  |    10|
+------+------+------+
---------------------------------------------------------------------------------
Finished Writing Synthesis Report : Time (s): cpu = 00:00:28 ; elapsed = 00:00:28 . Memory (MB): peak = 1541.605 ; gain = 607.215
---------------------------------------------------------------------------------
Synthesis finished with 0 errors, 0 critical warnings and 1 warnings.
Synthesis Optimization Runtime : Time (s): cpu = 00:00:20 ; elapsed = 00:00:27 . Memory (MB): peak = 1541.605 ; gain = 560.395
Synthesis Optimization Complete : Time (s): cpu = 00:00:28 ; elapsed = 00:00:29 . Memory (MB): peak = 1541.605 ; gain = 607.215
INFO: [Project 1-571] Translating synthesized netlist
Netlist sorting complete. Time (s): cpu = 00:00:00 ; elapsed = 00:00:00.001 . Memory (MB): peak = 1541.605 ; gain = 0.000
INFO: [Netlist 29-17] Analyzing 20 Unisim elements for replacement
INFO: [Netlist 29-28] Unisim Transformation completed in 0 CPU seconds
INFO: [Project 1-570] Preparing netlist for logic optimization
INFO: [Opt 31-138] Pushed 0 inverter(s) to 0 load pin(s).
Netlist sorting complete. Time (s): cpu = 00:00:00 ; elapsed = 00:00:00 . Memory (MB): peak = 1541.605 ; gain = 0.000
INFO: [Project 1-111] Unisim Transformation Summary:
No Unisim elements were transformed.

Synth Design complete | Checksum: 1c3e805e
INFO: [Common 17-83] Releasing license: Synthesis
152 Infos, 8 Warnings, 0 Critical Warnings and 0 Errors encountered.
synth_design completed successfully
synth_design: Time (s): cpu = 00:00:32 ; elapsed = 00:00:34 . Memory (MB): peak = 1541.605 ; gain = 1005.848
Write ShapeDB Complete: Time (s): cpu = 00:00:00 ; elapsed = 00:00:00.001 . Memory (MB): peak = 1541.605 ; gain = 0.000
INFO: [Common 17-1381] The checkpoint 'C:/Users/Utente/Desktop/FUNZIONE SENO IN VIRGOLA FISSA/FUNZIONE SENO IN VIRGOLA FISSA.runs/synth_1/sine_calculator.dcp' has been generated.
INFO: [Vivado 12-24828] Executing command : report_utilization -file sine_calculator_utilization_synth.rpt -pb sine_calculator_utilization_synth.pb
INFO: [Common 17-206] Exiting Vivado at Tue Oct  1 12:19:41 2024...
